GROUP,PACKAGE,CLASS,INSTRUCTION_MISSED,INSTRUCTION_COVERED,BRANCH_MISSED,BRANCH_COVERED,LINE_MISSED,LINE_COVERED,COMPLEXITY_MISSED,COMPLEXITY_COVERED,METHOD_MISSED,METHOD_COVERED
psi-probe-core,psiprobe.tools.logging.log4j,Log4JLoggerAccessor,197,3,10,0,43,1,14,1,9,1
psi-probe-core,psiprobe.tools.logging.log4j,Log4JAppenderAccessor,103,10,6,0,13,4,12,3,9,3
psi-probe-core,psiprobe.tools.logging.log4j,Log4JManagerAccessor,229,0,8,0,48,0,8,0,4,0
psi-probe-core,psiprobe.controllers.error,Error403Controller,29,24,4,0,5,10,4,7,2,7
psi-probe-core,psiprobe.controllers.error,Error404Controller,5,7,0,0,1,3,1,2,1,2
psi-probe-core,psiprobe.tools.logging.commons,GetSingleDestinationVisitor,31,0,4,0,12,0,6,0,4,0
psi-probe-core,psiprobe.tools.logging.commons,AbstractLoggerAccessorVisitor,85,0,12,0,25,0,8,0,2,0
psi-probe-core,psiprobe.tools.logging.commons,CommonsLoggerAccessor,38,0,0,0,11,0,3,0,3,0
psi-probe-core,psiprobe.tools.logging.commons,GetAllDestinationsVisitor,25,0,0,0,7,0,4,0,4,0
psi-probe-core,psiprobe.controllers.logs,ListLogsController,32,21,2,0,6,9,3,6,2,6
psi-probe-core,psiprobe.controllers.logs,FollowedFileInfoController,14,7,0,0,2,3,2,2,2,2
psi-probe-core,psiprobe.controllers.logs,SetupFollowController,25,7,0,0,4,3,2,2,2,2
psi-probe-core,psiprobe.controllers.logs,ChangeLogLevelController,74,7,14,0,20,3,9,2,2,2
psi-probe-core,psiprobe.controllers.logs,DownloadLogController,53,11,4,0,10,4,4,3,2,3
psi-probe-core,psiprobe.controllers.logs,AbstractLogHandlerController,105,14,12,0,20,5,7,4,1,4
psi-probe-core,psiprobe.controllers.logs,FollowController,142,7,24,0,30,3,14,2,2,2
psi-probe-core,psiprobe.controllers.connectors,GetConnectorTrafficController,5,7,0,0,1,3,1,2,1,2
psi-probe-core,psiprobe.controllers.connectors,BaseGetConnectorController,41,10,6,0,10,4,4,3,1,3
psi-probe-core,psiprobe.controllers.connectors,ZoomChartController,15,19,0,0,3,8,2,5,2,5
psi-probe-core,psiprobe.controllers.connectors,GetConnectorProcTimeController,5,7,0,0,1,3,1,2,1,2
psi-probe-core,psiprobe.controllers.connectors,ToggleConnectorStatusController,50,11,0,0,10,5,4,3,4,3
psi-probe-core,psiprobe.controllers.connectors,GetConnectorRequestController,5,7,0,0,1,3,1,2,1,2
psi-probe-core,psiprobe.controllers.connectors,ResetConnectorStatsController,30,14,0,0,4,6,2,4,2,4
psi-probe-core,psiprobe.controllers.connectors,ListConnectorsController,51,33,4,0,11,14,4,9,2,9
psi-probe-core,psiprobe.controllers.system,MemoryStatsController,5,12,0,0,1,5,1,3,1,3
psi-probe-core,psiprobe.controllers.system,MemoryStatsAjaxController,5,7,0,0,1,3,1,2,1,2
psi-probe-core,psiprobe.controllers.system,SysPropsController,5,11,0,0,1,5,1,3,1,3
psi-probe-core,psiprobe.controllers.system,BaseSysInfoController,92,29,6,0,19,11,4,7,1,7
psi-probe-core,psiprobe.controllers.system,SysInfoController,5,7,0,0,1,3,1,2,1,2
psi-probe-core,psiprobe.controllers.system,BaseMemoryStatsController,22,17,0,0,4,7,1,5,1,5
psi-probe-core,psiprobe.controllers.system,OsInfoController,5,12,0,0,1,5,1,3,1,3
psi-probe-core,psiprobe.controllers.system,AdviseGarbageCollectionController,59,18,4,0,13,8,4,5,2,5
psi-probe-core,psiprobe.controllers.system,OsInfoAjaxController,5,7,0,0,1,3,1,2,1,2
psi-probe-core,psiprobe.model.sql,DataSourceTestInfo,27,36,4,0,6,15,4,9,2,9
psi-probe-core,psiprobe.beans.stats.collectors,RuntimeStatsCollectorBean,72,10,2,0,15,4,3,3,2,3
psi-probe-core,psiprobe.beans.stats.collectors,ConnectorStatsCollectorBean,178,10,4,0,22,4,6,3,4,3
psi-probe-core,psiprobe.beans.stats.collectors,ClusterStatsCollectorBean,49,17,4,0,12,7,4,5,2,5
psi-probe-core,psiprobe.beans.stats.collectors,AppStatsCollectorBean,290,25,36,0,55,10,24,7,6,7
psi-probe-core,psiprobe.beans.stats.collectors,DatasourceStatsCollectorBean,141,14,10,0,26,5,9,4,4,4
psi-probe-core,psiprobe.beans.stats.collectors,JvmMemoryStatsCollectorBean,39,14,2,0,8,6,3,4,2,4
psi-probe-core,psiprobe.beans.stats.collectors,AbstractStatsCollectorBean.Entry,3,0,0,0,2,0,1,0,1,0
psi-probe-core,psiprobe.beans.stats.collectors,AbstractStatsCollectorBean,210,37,18,0,48,13,16,7,7,7
psi-probe-core,psiprobe.controllers.help,HelpDatasourcesController,5,7,0,0,1,3,1,2,1,2
psi-probe-core,psiprobe.controllers.help,HelpSessionSearchController,5,7,0,0,1,3,1,2,1,2
psi-probe-core,psiprobe.controllers.help,HelpDatasourceTestController,5,7,0,0,1,3,1,2,1,2
psi-probe-core,psiprobe.controllers.help,HelpThreadsController,5,7,0,0,1,3,1,2,1,2
psi-probe-core,psiprobe.controllers.help,HelpApplicationsController,5,7,0,0,1,3,1,2,1,2
psi-probe-core,psiprobe.controllers.help,HelpThreads2Controller,5,7,0,0,1,3,1,2,1,2
psi-probe-core,psiprobe.model,ApplicationSession,68,125,10,4,11,47,11,31,4,31
psi-probe-core,psiprobe.model,SessionSearchInfo,276,191,84,10,48,65,75,21,29,20
psi-probe-core,psiprobe.model,ThreadPool,0,45,0,0,0,19,0,13,0,13
psi-probe-core,psiprobe.model,SystemInformation,28,24,0,0,8,10,8,7,8,7
psi-probe-core,psiprobe.model,Connector,6,106,0,0,2,44,1,29,1,29
psi-probe-core,psiprobe.model,DisconnectedLogDestination,116,3,4,0,29,1,17,1,15,1
psi-probe-core,psiprobe.model,Application,7,150,0,0,2,64,1,43,1,43
psi-probe-core,psiprobe.model,ApplicationResource,0,66,0,0,0,28,0,19,0,19
psi-probe-core,psiprobe.model,FilterMapping,0,38,0,0,0,16,0,11,0,11
psi-probe-core,psiprobe.model,ServletMapping,0,38,0,0,0,16,0,11,0,11
psi-probe-core,psiprobe.model,IpInfo,35,17,4,0,10,7,5,5,3,5
psi-probe-core,psiprobe.model,ApplicationParam,0,24,0,0,0,10,0,7,0,7
psi-probe-core,psiprobe.model,SunThread,0,80,0,0,0,34,0,23,0,23
psi-probe-core,psiprobe.model,TomcatTestReport,9,71,0,0,4,29,3,17,3,17
psi-probe-core,psiprobe.model,TransportableModel,5,15,0,0,2,5,1,3,1,3
psi-probe-core,psiprobe.model,ServletInfo,0,120,0,0,0,51,0,33,0,33
psi-probe-core,psiprobe.model,FilterInfo,0,24,0,0,0,10,0,7,0,7
psi-probe-core,psiprobe.model,ThreadStackElement,0,38,0,0,0,16,0,11,0,11
psi-probe-core,psiprobe.model,DataSourceInfoGroup,65,22,0,0,19,9,6,3,6,3
psi-probe-core,psiprobe.model,Attribute,0,38,0,0,0,16,0,11,0,11
psi-probe-core,psiprobe.model,RequestProcessor,0,101,0,0,0,43,0,29,0,29
psi-probe-core,psiprobe.jsp,VisualScoreTag,50,443,9,43,12,83,10,38,1,21
psi-probe-core,psiprobe.jsp,AddQueryParamTag,69,21,4,0,14,8,3,6,1,6
psi-probe-core,psiprobe.jsp,VolumeTag,46,14,0,0,10,5,2,4,2,4
psi-probe-core,psiprobe.jsp,Functions,5,0,0,0,1,0,1,0,1,0
psi-probe-core,psiprobe.jsp,DurationTag,115,7,6,0,21,2,8,2,5,2
psi-probe-core,psiprobe.jsp,ParamToggleTag,96,17,6,0,20,6,4,4,1,4
psi-probe-core,psiprobe.jsp,OutTag,103,30,8,0,18,12,7,7,3,7
psi-probe-core,psiprobe.beans,ContainerWrapperBean,238,33,34,0,62,12,24,8,7,8
psi-probe-core,psiprobe.beans,ContainerListenerBean,838,38,68,0,179,7,41,4,7,4
psi-probe-core,psiprobe.beans,ClusterWrapperBean,444,3,26,0,99,1,14,1,1,1
psi-probe-core,psiprobe.beans,LogResolverBean.AbstractLogComparator,12,0,0,0,3,0,1,0,1,0
psi-probe-core,psiprobe.beans,JvmMemoryInfoAccessorBean,140,7,6,0,36,2,4,2,1,2
psi-probe-core,psiprobe.beans,ResourceResolverBean,502,7,56,0,126,2,42,2,14,2
psi-probe-core,psiprobe.beans,LogResolverBean,1032,20,138,0,268,6,91,3,22,3
psi-probe-core,psiprobe.beans,LogResolverBean.LogDestinationComparator,76,0,10,0,15,0,7,0,2,0
psi-probe-core,psiprobe.beans,RuntimeInfoAccessorBean,132,7,6,0,33,2,4,2,1,2
psi-probe-core,psiprobe.beans,LogResolverBean.LogSourceComparator,72,0,8,0,10,0,6,0,2,0
psi-probe-core,psiprobe.beans,JBossResourceResolverBean,293,7,28,0,71,2,23,2,9,2
psi-probe-core,psiprobe.controllers.threads,ListSunThreadsController,222,7,14,0,42,3,10,2,3,2
psi-probe-core,psiprobe.controllers.threads,ThreadStackController,196,17,16,0,30,7,10,4,2,4
psi-probe-core,psiprobe.controllers.threads,GetClassLoaderUrlsController,43,11,6,0,11,4,5,3,2,3
psi-probe-core,psiprobe.controllers.threads,ImplSelectorController,26,17,4,0,5,7,4,5,2,5
psi-probe-core,psiprobe.controllers.threads,ListThreadsController,180,7,18,0,34,3,13,2,4,2
psi-probe-core,psiprobe.controllers.threads,ListThreadPoolsController,18,14,0,0,3,6,2,4,2,4
psi-probe-core,psiprobe.controllers.threads,KillThreadController,53,14,6,0,12,6,5,4,2,4
psi-probe-core,psiprobe.model.stats,StatsCollection,363,133,39,9,64,36,35,12,11,12
psi-probe-core,psiprobe.controllers.filters,ListAppFilterMapsController,19,7,0,0,4,3,2,2,2,2
psi-probe-core,psiprobe.controllers.filters,ListAppFiltersController,18,7,0,0,4,3,2,2,2,2
psi-probe-core,psiprobe.tools.logging.catalina,CatalinaLoggerAccessor,131,0,12,0,18,0,12,0,6,0
psi-probe-core,psiprobe.controllers.truststore,TrustStoreController,129,11,10,0,30,4,7,3,2,3
psi-probe-core,psiprobe.beans.accessors,OpenEjbBasicDatasourceAccessor,62,0,6,0,16,0,7,0,4,0
psi-probe-core,psiprobe.beans.accessors,OpenEjbManagedDatasourceAccessor,48,32,4,4,11,10,4,5,1,4
psi-probe-core,psiprobe.beans.accessors,TomcatJdbcPoolDatasourceAccessor,2,60,2,4,1,14,3,4,1,3
psi-probe-core,psiprobe.beans.accessors,ViburCpDatasourceAccessor,60,16,3,3,18,2,4,3,2,2
psi-probe-core,psiprobe.beans.accessors,BoneCpDatasourceAccessor,29,70,3,5,8,19,4,5,1,4
psi-probe-core,psiprobe.beans.accessors,C3P0DatasourceAccessor,11,57,4,4,4,14,4,4,1,3
psi-probe-core,psiprobe.beans.accessors,TomEeJdbcPoolDatasourceAccessor,62,0,6,0,16,0,7,0,4,0
psi-probe-core,psiprobe.beans.accessors,DbcpDatasourceAccessor,2,60,2,4,1,14,3,4,1,3
psi-probe-core,psiprobe.beans.accessors,Dbcp2DatasourceAccessor,2,60,2,4,1,14,3,4,1,3
psi-probe-core,psiprobe.beans.accessors,HikariCpDatasourceAccessor,66,16,3,3,18,2,4,3,2,2
psi-probe-core,psiprobe.model.certificates,OldConnectorInfo,134,0,0,0,43,0,19,0,19,0
psi-probe-core,psiprobe.model.certificates,Cert,34,38,6,2,4,12,8,7,4,7
psi-probe-core,psiprobe.model.certificates,ConnectorInfo,24,0,0,0,10,0,7,0,7,0
psi-probe-core,psiprobe.model.certificates,CertificateInfo,45,0,0,0,19,0,13,0,13,0
psi-probe-core,psiprobe.model.certificates,SslHostConfigInfo,94,0,0,0,40,0,27,0,27,0
psi-probe-core,psiprobe.tools,ApplicationUtils,837,0,76,0,198,0,51,0,13,0
psi-probe-core,psiprobe.tools,TimeExpression,134,166,22,18,21,38,19,9,2,5
psi-probe-core,psiprobe.tools,AsyncSocketFactory.SocketRunnable,59,0,2,0,17,0,3,0,2,0
psi-probe-core,psiprobe.tools,AsyncSocketFactory,95,0,8,0,26,0,6,0,2,0
psi-probe-core,psiprobe.tools,ObjectWrapper,28,10,8,0,6,4,5,2,1,2
psi-probe-core,psiprobe.tools,JmxTools,176,0,24,0,38,0,24,0,12,0
psi-probe-core,psiprobe.tools,Whois,168,0,18,0,38,0,13,0,4,0
psi-probe-core,psiprobe.tools,TimeoutException,3,0,0,0,1,0,1,0,1,0
psi-probe-core,psiprobe.tools,AccessorFactory,11,10,0,0,4,3,1,3,1,3
psi-probe-core,psiprobe.tools,BackwardsFileStream,56,0,4,0,15,0,6,0,4,0
psi-probe-core,psiprobe.tools,SizeExpression,24,305,6,30,2,53,6,18,0,4
psi-probe-core,psiprobe.tools,MailMessage,118,60,7,1,32,18,24,4,20,4
psi-probe-core,psiprobe.tools,BackwardsLineReader,131,0,18,0,35,0,14,0,5,0
psi-probe-core,psiprobe.tools,UpdateCommitLock,62,3,8,0,16,1,8,1,4,1
psi-probe-core,psiprobe.tools,LogOutputStream,95,49,19,3,32,13,19,5,4,5
psi-probe-core,psiprobe.tools,AsyncSocketFactory.TimeoutRunnable,30,0,0,0,12,0,2,0,2,0
psi-probe-core,psiprobe.tools,SimpleAccessor,21,47,3,3,8,16,3,6,0,6
psi-probe-core,psiprobe.tools,AsyncSocketFactory.SocketWrapper,26,0,0,0,10,0,7,0,7,0
psi-probe-core,psiprobe.tools,SecurityUtils,63,0,8,0,15,0,8,0,4,0
psi-probe-core,psiprobe.tools,Whois.Response,20,0,0,0,6,0,5,0,5,0
psi-probe-core,psiprobe.tools,Instruments,136,256,33,43,30,68,28,22,3,9
psi-probe-core,psiprobe.tools,ReflectiveAccessor,127,0,14,0,29,0,13,0,6,0
psi-probe-core,psiprobe.tools,Mailer,233,53,17,1,52,22,14,12,5,12
psi-probe-core,psiprobe.scheduler.jobs,ClusterStatsJobDetail,0,15,0,0,0,7,0,4,0,4
psi-probe-core,psiprobe.scheduler.jobs,MemoryStatsJobDetail,0,15,0,0,0,7,0,4,0,4
psi-probe-core,psiprobe.scheduler.jobs,AppStatsJobDetail,0,15,0,0,0,7,0,4,0,4
psi-probe-core,psiprobe.scheduler.jobs,ConnectorStatsJobDetail,0,15,0,0,0,7,0,4,0,4
psi-probe-core,psiprobe.scheduler.jobs,StatsSerializerJobDetail,0,15,0,0,0,7,0,4,0,4
psi-probe-core,psiprobe.scheduler.jobs,RuntimeStatsJobDetail,0,15,0,0,0,7,0,4,0,4
psi-probe-core,psiprobe.scheduler.jobs,DatasourceStatsJobDetail,0,15,0,0,0,7,0,4,0,4
psi-probe-core,psiprobe.controllers.cluster,BaseClusterStatsController,28,27,0,0,5,11,1,7,1,7
psi-probe-core,psiprobe.controllers.cluster,ClusterTrafficStatsController,5,11,0,0,1,5,1,3,1,3
psi-probe-core,psiprobe.controllers.cluster,ClusterStatsController,5,16,0,0,1,7,1,4,1,4
psi-probe-core,psiprobe.controllers.cluster,ClusterRequestsStatsController,5,11,0,0,1,5,1,3,1,3
psi-probe-core,psiprobe.controllers.cluster,ClusterMembersStatsController,5,7,0,0,1,3,1,2,1,2
psi-probe-core,psiprobe.model.java,ThreadModel,0,66,0,0,0,28,0,19,0,19
psi-probe-core,psiprobe.controllers.servlets,ListServletMapsController,51,7,4,0,11,3,5,2,3,2
psi-probe-core,psiprobe.controllers.servlets,ServletsController,5,7,0,0,1,3,1,2,1,2
psi-probe-core,psiprobe.controllers.servlets,ListServletsController,69,7,8,0,16,3,7,2,3,2
psi-probe-core,psiprobe.tools.logging.logback,LogbackLoggerAccessor,279,3,20,0,66,1,20,1,10,1
psi-probe-core,psiprobe.tools.logging.logback,LogbackFactoryAccessor,187,0,6,0,38,0,7,0,4,0
psi-probe-core,psiprobe.tools.logging.logback,LogbackAppenderAccessor,103,10,8,0,18,4,13,3,9,3
psi-probe-core,psiprobe.jfreechart,XYLine3DRenderer,169,0,22,0,49,0,27,0,16,0
psi-probe-core,psiprobe.mappers,AjaxDecoratorMapper,7,60,7,7,1,13,7,3,0,3
psi-probe-core,psiprobe.controllers.datasources,ListAllJdbcResourcesController,52,7,0,0,13,3,2,2,2,2
psi-probe-core,psiprobe.controllers.datasources,ListAllJdbcResourceGroupsController,105,7,14,0,22,3,10,2,3,2
psi-probe-core,psiprobe.controllers.datasources,ListAllJdbcResourceGroupsController.new Comparator() {...},16,0,0,0,4,0,2,0,2,0
psi-probe-core,psiprobe.controllers.datasources,ResetDataSourceController,99,18,10,0,21,7,8,5,3,5
psi-probe-core,psiprobe.tokenizer,StringTokenizer,50,0,0,0,20,0,7,0,7,0
psi-probe-core,psiprobe.tokenizer,Tokenizer.TokenizerToken,107,0,2,0,29,0,11,0,10,0
psi-probe-core,psiprobe.tokenizer,Tokenizer,576,0,72,0,126,0,56,0,20,0
psi-probe-core,psiprobe.tokenizer,UniqueList,85,0,16,0,20,0,13,0,5,0
psi-probe-core,psiprobe.tokenizer,TokenizerSymbol,162,0,20,0,27,0,16,0,6,0
psi-probe-core,psiprobe.controllers.sql,DataSourceTestController,77,47,10,0,17,20,7,13,2,13
psi-probe-core,psiprobe.controllers.sql,CachedRecordSetController,101,11,6,0,28,4,5,3,2,3
psi-probe-core,psiprobe.controllers.sql,QueryHistoryController,31,7,4,0,9,3,4,2,2,2
psi-probe-core,psiprobe.controllers.sql,ConnectionTestController,159,11,2,0,37,4,5,3,4,3
psi-probe-core,psiprobe.controllers.sql,ExecuteSqlController,309,11,26,0,73,4,16,3,3,3
psi-probe-core,psiprobe.controllers.sql,QueryHistoryItemController,54,7,6,0,17,2,5,2,2,2
psi-probe-core,psiprobe.beans.stats.listeners,AbstractThresholdListener,52,135,8,14,15,35,7,14,2,8
psi-probe-core,psiprobe.beans.stats.listeners,StatsCollectionEvent,5,42,0,0,1,15,1,8,1,8
psi-probe-core,psiprobe.beans.stats.listeners,AbstractStatsCollectionListener,23,93,4,6,5,22,6,9,2,8
psi-probe-core,psiprobe.beans.stats.listeners,MemoryPoolMailingListener,180,30,8,0,40,14,13,8,9,8
psi-probe-core,psiprobe.beans.stats.listeners,AbstractFlapListener,2,347,1,27,0,93,1,41,0,28
psi-probe-core,psiprobe.controllers.certificates,ListCertificatesController,230,147,25,9,62,38,18,9,4,6
psi-probe-core,psiprobe.controllers.certificates,SslHostConfigHelper,84,0,4,0,19,0,5,0,3,0
psi-probe-core,psiprobe.controllers.oshi,OshiController,1978,15,104,0,248,5,70,3,18,3
psi-probe-core,psiprobe.controllers.apps,BaseDownloadXmlConfController,85,14,10,0,16,5,6,4,1,4
psi-probe-core,psiprobe.controllers.apps,DownloadContextXmlConfController,5,7,0,0,1,3,1,2,1,2
psi-probe-core,psiprobe.controllers.apps,GetApplicationRequestDetailsController,5,11,0,0,1,5,1,3,1,3
psi-probe-core,psiprobe.controllers.apps,AjaxToggleContextController,87,11,10,0,16,4,7,3,2,3
psi-probe-core,psiprobe.controllers.apps,RemoveApplicationAttributeController,35,7,0,0,5,3,2,2,2,2
psi-probe-core,psiprobe.controllers.apps,AllAppStatsController,15,19,0,0,3,8,2,5,2,5
psi-probe-core,psiprobe.controllers.apps,ListAppAttributesController,28,7,2,0,6,3,3,2,2,2
psi-probe-core,psiprobe.controllers.apps,BaseGetApplicationController,75,24,12,0,11,10,7,7,1,7
psi-probe-core,psiprobe.controllers.apps,ListApplicationResourcesController,19,7,0,0,3,3,2,2,2,2
psi-probe-core,psiprobe.controllers.apps,StopContextController,5,7,0,0,1,3,1,2,1,2
psi-probe-core,psiprobe.controllers.apps,DownloadWebXmlConfController,5,7,0,0,1,3,1,2,1,2
psi-probe-core,psiprobe.controllers.apps,GetApplicationRuntimeInfoController,5,11,0,0,1,5,1,3,1,3
psi-probe-core,psiprobe.controllers.apps,ViewWebXmlConfController,5,15,0,0,1,7,1,4,1,4
psi-probe-core,psiprobe.controllers.apps,ViewContextXmlConfController,5,15,0,0,1,7,1,4,1,4
psi-probe-core,psiprobe.controllers.apps,StartSummaryContextController,7,11,0,0,1,5,1,3,1,3
psi-probe-core,psiprobe.controllers.apps,BaseViewXmlConfController,154,21,14,0,31,8,8,6,1,6
psi-probe-core,psiprobe.controllers.apps,ListWebappsController,94,7,12,0,18,3,8,2,2,2
psi-probe-core,psiprobe.controllers.apps,AjaxReloadContextController,60,11,8,0,12,4,6,3,2,3
psi-probe-core,psiprobe.controllers.apps,ReloadSummaryContextController,5,11,0,0,1,5,1,3,1,3
psi-probe-core,psiprobe.controllers.apps,ResetAppStatsController,5,10,0,0,2,4,1,3,1,3
psi-probe-core,psiprobe.controllers.apps,BaseReloadContextController,25,7,2,0,7,2,2,2,1,2
psi-probe-core,psiprobe.controllers.apps,ReloadContextController,5,7,0,0,1,3,1,2,1,2
psi-probe-core,psiprobe.controllers.apps,StartContextController,5,7,0,0,1,3,1,2,1,2
psi-probe-core,psiprobe.controllers.apps,ListAppInitParamsController,28,7,2,0,6,3,3,2,2,2
psi-probe-core,psiprobe.controllers.apps,GetApplicationProcDetailsController,5,11,0,0,1,5,1,3,1,3
psi-probe-core,psiprobe.controllers.apps,GetApplicationSummaryController,5,12,0,0,1,5,1,3,1,3
psi-probe-core,psiprobe.controllers.apps,BaseStartContextController,20,7,0,0,5,2,1,2,1,2
psi-probe-core,psiprobe.controllers.apps,BaseStopContextController,20,7,0,0,5,2,1,2,1,2
psi-probe-core,psiprobe.controllers.apps,AbstractNoSelfContextHandlerController,68,14,4,0,11,6,3,4,1,4
psi-probe-core,psiprobe.controllers.apps,StopSummaryContextController,5,11,0,0,1,5,1,3,1,3
psi-probe-core,psiprobe.controllers.jsp,ViewServletSourceController,70,7,6,0,16,3,5,2,2,2
psi-probe-core,psiprobe.controllers.jsp,DownloadServletController,35,3,6,0,10,1,5,1,2,1
psi-probe-core,psiprobe.controllers.jsp,ViewSourceController,167,11,24,0,39,4,14,3,2,3
psi-probe-core,psiprobe.controllers.jsp,DisplayJspController,79,7,8,0,13,3,6,2,2,2
psi-probe-core,psiprobe.controllers.jsp,RecompileJspController,126,11,14,0,23,4,9,3,2,3
psi-probe-core,psiprobe.controllers.jsp,DiscardCompiledJspController,32,7,0,0,4,3,2,2,2,2
psi-probe-core,psiprobe.beans.stats.providers,AbstractSeriesProvider,34,8,2,0,7,2,2,1,1,1
psi-probe-core,psiprobe.beans.stats.providers,MultipleSeriesProvider,105,24,14,0,21,10,8,7,1,7
psi-probe-core,psiprobe.beans.stats.providers,ConnectorSeriesProvider,43,3,6,0,9,1,4,1,1,1
psi-probe-core,psiprobe.beans.stats.providers,MultipleSeriesProvider.Series,100,0,14,0,23,0,9,0,2,0
psi-probe-core,psiprobe.beans.stats.providers,StandardSeriesProvider,67,16,6,0,11,5,4,3,1,3
psi-probe-core,psiprobe.beans.stats.providers,MultipleSeriesProvider.new Comparator() {...},12,0,0,0,2,0,2,0,2,0
psi-probe-core,psiprobe.beans.stats.providers,MultipleSeriesProvider.new Comparator() {...},28,0,4,0,3,0,4,0,2,0
psi-probe-core,psiprobe,ProbeConfig,5,1047,0,2,2,293,0,67,0,66
psi-probe-core,psiprobe,Utils,836,112,105,29,181,24,63,21,10,7
psi-probe-core,psiprobe,AbstractTomcatContainer,1145,0,108,0,287,0,86,0,32,0
psi-probe-core,psiprobe,ProbeInitializer,129,3,0,0,25,1,1,1,1,1
psi-probe-core,psiprobe,AbstractTomcatContainer.FilterMapType,24,0,0,0,3,0,1,0,1,0
psi-probe-core,psiprobe,AwtAppContextClassloaderListener,0,38,0,2,0,16,0,5,0,4
psi-probe-core,psiprobe,ProbeSecurityConfig,0,255,0,0,0,61,0,20,0,20
psi-probe-core,psiprobe,ProbeServlet,57,0,2,0,18,0,9,0,8,0
psi-probe-core,psiprobe,PostParameterizableViewController,0,22,0,0,0,3,0,1,0,1
psi-probe-core,psiprobe.model.wrapper,WrapperInfo,0,73,0,0,0,31,0,21,0,21
psi-probe-core,psiprobe.tools.logging.jdk,JuliHandlerAccessor,53,0,8,0,8,0,6,0,2,0
psi-probe-core,psiprobe.tools.logging.jdk,Jdk14HandlerAccessor,106,17,0,0,13,7,7,5,7,5
psi-probe-core,psiprobe.tools.logging.jdk,Jdk14FileHandlerAccessor,5,18,2,2,1,4,2,2,0,2
psi-probe-core,psiprobe.tools.logging.jdk,Jdk14ManagerAccessor,152,0,8,0,31,0,8,0,4,0
psi-probe-core,psiprobe.tools.logging.jdk,Jdk14LoggerAccessor,291,3,26,0,69,1,25,1,12,1
psi-probe-core,psiprobe.model.jmx,MemoryPool,30,55,5,1,5,20,5,13,2,13
psi-probe-core,psiprobe.model.jmx,Cluster,0,176,0,0,0,74,0,49,0,49
psi-probe-core,psiprobe.model.jmx,AsyncClusterSender,0,31,0,0,0,13,0,9,0,9
psi-probe-core,psiprobe.model.jmx,ClusterSender,0,87,0,0,0,37,0,25,0,25
psi-probe-core,psiprobe.model.jmx,ThreadPoolObjectName,0,29,0,0,0,11,0,7,0,7
psi-probe-core,psiprobe.model.jmx,SyncClusterSender,0,38,0,0,0,16,0,11,0,11
psi-probe-core,psiprobe.model.jmx,PooledClusterSender,0,10,0,0,0,4,0,3,0,3
psi-probe-core,psiprobe.model.jmx,RuntimeInformation,0,104,0,0,0,44,0,29,0,29
psi-probe-core,psiprobe.tools.logging.log4j2,Log4J2AppenderAccessor,263,10,22,0,39,4,20,3,9,3
psi-probe-core,psiprobe.tools.logging.log4j2,Log4J2WebLoggerContextUtilsAccessor,112,0,2,0,33,0,4,0,3,0
psi-probe-core,psiprobe.tools.logging.log4j2,Log4J2LoggerConfigAccessor,195,3,10,0,48,1,16,1,11,1
psi-probe-core,psiprobe.tools.logging.log4j2,Log4J2LoggerContextAccessor,60,0,2,0,21,0,4,0,3,0
psi-probe-core,psiprobe.controllers.sessions,ListSessionAttributesController,52,7,6,0,11,3,5,2,2,2
psi-probe-core,psiprobe.controllers.sessions,ExpireSessionsController,84,7,12,0,18,3,8,2,2,2
psi-probe-core,psiprobe.controllers.sessions,ExpireSessionController,27,7,2,0,6,3,3,2,2,2
psi-probe-core,psiprobe.controllers.sessions,RemoveSessAttributeController,46,7,2,0,8,3,3,2,2,2
psi-probe-core,psiprobe.controllers.sessions,ListSessionsController,497,7,108,0,114,3,59,2,5,2
psi-probe-core,psiprobe.scheduler.triggers,MemoryStatsTrigger,0,9,0,0,0,3,0,2,0,2
psi-probe-core,psiprobe.scheduler.triggers,ConnectorStatsTrigger,0,9,0,0,0,3,0,2,0,2
psi-probe-core,psiprobe.scheduler.triggers,DatasourceStatsTrigger,0,9,0,0,0,3,0,2,0,2
psi-probe-core,psiprobe.scheduler.triggers,AppStatsTrigger,0,9,0,0,0,3,0,2,0,2
psi-probe-core,psiprobe.scheduler.triggers,RuntimeStatsTrigger,0,9,0,0,0,3,0,2,0,2
psi-probe-core,psiprobe.scheduler.triggers,StatsSerializerTrigger,0,9,0,0,0,3,0,2,0,2
psi-probe-core,psiprobe.scheduler.triggers,ClusterStatsTrigger,0,9,0,0,0,3,0,2,0,2
psi-probe-core,psiprobe.controllers.quickcheck,TomcatAvailabilityXmlController,5,7,0,0,1,3,1,2,1,2
psi-probe-core,psiprobe.controllers.quickcheck,TomcatAvailabilityController,5,7,0,0,1,3,1,2,1,2
psi-probe-core,psiprobe.controllers.quickcheck,BaseTomcatAvailabilityController,280,10,30,0,66,4,16,3,1,3
psi-probe-core,psiprobe.controllers,DecoratorController,126,14,4,0,27,6,5,4,3,4
psi-probe-core,psiprobe.controllers,WhoisController,129,32,8,0,27,13,6,9,2,9
psi-probe-core,psiprobe.controllers,AbstractTomcatContainerController,0,22,0,0,0,8,0,5,0,5
psi-probe-core,psiprobe.controllers,RenderChartController,362,14,24,0,61,5,14,4,2,4
psi-probe-core,psiprobe.controllers,BeanToXmlController,46,10,4,0,11,4,4,3,2,3
psi-probe-core,psiprobe.controllers,RememberVisibilityController,49,9,4,0,8,2,4,1,2,1
psi-probe-core,psiprobe.controllers,AbstractContextHandlerController,55,3,8,0,12,1,6,1,2,1
psi-probe-core,psiprobe.model.jsp,CompilerException,16,0,0,0,8,0,4,0,4,0
psi-probe-core,psiprobe.model.jsp,Item,12,81,2,0,1,32,2,19,1,19
psi-probe-core,psiprobe.model.jsp,Summary,0,24,0,0,0,10,0,7,0,7
psi-probe-core,psiprobe.controllers.deploy,BaseUndeployContextController,77,14,4,0,15,5,4,4,2,4
psi-probe-core,psiprobe.controllers.deploy,UndeployContextController,5,7,0,0,1,3,1,2,1,2
psi-probe-core,psiprobe.controllers.deploy,DeployConfigController,5,7,0,0,1,3,1,2,1,2
psi-probe-core,psiprobe.controllers.deploy,DeployContextController,81,7,4,0,17,3,4,2,2,2
psi-probe-core,psiprobe.controllers.deploy,UploadWarController,418,11,58,0,85,4,31,3,2,3
psi-probe-core,psiprobe.controllers.deploy,DeployController,76,7,4,0,16,3,4,2,2,2
psi-probe-core,psiprobe.controllers.deploy,CopySingleFileController,409,11,54,0,91,4,29,3,2,3
psi-probe-core,psiprobe.controllers.deploy,UndeploySummaryContextController,5,11,0,0,1,5,1,3,1,3
psi-probe-core,psiprobe.tools.logging,FileLogAccessor,6,17,0,0,3,7,3,5,3,5
psi-probe-core,psiprobe.tools.logging,AbstractLogDestination,63,3,10,0,14,1,16,1,11,1
psi-probe-core,psiprobe.tools.logging,DefaultAccessor,64,21,6,0,16,8,7,6,4,6
psi-probe-core,psiprobe.tools.logging.slf4jlogback,TomcatSlf4jLogbackLoggerAccessor,279,3,20,0,67,1,20,1,10,1
psi-probe-core,psiprobe.tools.logging.slf4jlogback,TomcatSlf4jLogbackAppenderAccessor,103,10,8,0,18,4,13,3,9,3
psi-probe-core,psiprobe.tools.logging.slf4jlogback,TomcatSlf4jLogbackFactoryAccessor,187,0,6,0,39,0,7,0,4,0
psi-probe-core,psiprobe.controllers.wrapper,WrapperInfoController,77,11,4,0,22,4,4,3,2,3
psi-probe-core,psiprobe.controllers.wrapper,RestartJvmController,36,11,0,0,11,4,2,3,2,3
psi-probe-core,psiprobe.controllers.wrapper,ThreadDumpController,36,11,0,0,11,4,2,3,2,3
psi-probe-core,psiprobe.controllers.wrapper,StopJvmController,38,21,0,0,11,8,2,5,2,5
psi-probe-core,psiprobe.tools.url,UrlParser,65,67,5,5,13,26,5,10,0,10
